2025-12-07T00:36:30.145454 - Starting sync for user 9
2025-12-07T00:36:32.970198 - Initial sync for user 9 (last 365 days)
2025-12-07T00:36:32.970512 - Fetching activities...
2025-12-07T00:36:34.505742 - Fetched 222 activities for user 9.
2025-12-07T00:37:06.713277 - Upserting 222 activities...
2025-12-07T00:37:30.485196 - Error fetching activities for user 9: {'message': "Could not find the 'details' column of 'garmin_activities' in the schema cache", 'code': 'PGRST204', 'hint': None, 'details': None}
2025-12-07T00:37:30.486825 - Fetching daily data for 2024-12-07...
2025-12-07T00:37:31.626635 - Error fetching daily data for 2024-12-07, user 9: {'message': 'duplicate key value violates unique constraint "garmin_daily_user_id_date_key"', 'code': '23505', 'hint': None, 'details': 'Key (user_id, date)=(9, 2024-12-07) already exists.'}
2025-12-07T00:37:31.626773 - Fetching daily data for 2024-12-08...
2025-12-07T00:37:32.658261 - Error fetching daily data for 2024-12-08, user 9: {'message': 'duplicate key value violates unique constraint "garmin_daily_user_id_date_key"', 'code': '23505', 'hint': None, 'details': 'Key (user_id, date)=(9, 2024-12-08) already exists.'}
2025-12-07T00:37:32.658422 - Fetching daily data for 2024-12-09...
2025-12-07T00:37:33.546021 - Error fetching daily data for 2024-12-09, user 9: {'message': 'duplicate key value violates unique constraint "garmin_daily_user_id_date_key"', 'code': '23505', 'hint': None, 'details': 'Key (user_id, date)=(9, 2024-12-09) already exists.'}
2025-12-07T00:37:33.546695 - Fetching daily data for 2024-12-10...
2025-12-07T00:37:34.397100 - Error fetching daily data for 2024-12-10, user 9: {'message': 'duplicate key value violates unique constraint "garmin_daily_user_id_date_key"', 'code': '23505', 'hint': None, 'details': 'Key (user_id, date)=(9, 2024-12-10) already exists.'}
2025-12-07T00:37:34.397511 - Fetching daily data for 2024-12-11...
2025-12-07T00:37:35.208776 - Error fetching daily data for 2024-12-11, user 9: {'message': 'duplicate key value violates unique constraint "garmin_daily_user_id_date_key"', 'code': '23505', 'hint': None, 'details': 'Key (user_id, date)=(9, 2024-12-11) already exists.'}
2025-12-07T00:37:35.209233 - Fetching daily data for 2024-12-12...
2025-12-07T00:37:36.055735 - Error fetching daily data for 2024-12-12, user 9: {'message': 'duplicate key value violates unique constraint "garmin_daily_user_id_date_key"', 'code': '23505', 'hint': None, 'details': 'Key (user_id, date)=(9, 2024-12-12) already exists.'}
2025-12-07T00:37:36.056310 - Fetching daily data for 2024-12-13...
2025-12-07T00:37:37.533669 - Error fetching daily data for 2024-12-13, user 9: {'message': 'duplicate key value violates unique constraint "garmin_daily_user_id_date_key"', 'code': '23505', 'hint': None, 'details': 'Key (user_id, date)=(9, 2024-12-13) already exists.'}
2025-12-07T00:37:37.534089 - Fetching daily data for 2024-12-14...
2025-12-07T00:37:38.388663 - Error fetching daily data for 2024-12-14, user 9: {'message': 'duplicate key value violates unique constraint "garmin_daily_user_id_date_key"', 'code': '23505', 'hint': None, 'details': 'Key (user_id, date)=(9, 2024-12-14) already exists.'}
2025-12-07T00:37:38.389005 - Fetching daily data for 2024-12-15...
2025-12-07T00:37:39.205035 - Error fetching daily data for 2024-12-15, user 9: {'message': 'duplicate key value violates unique constraint "garmin_daily_user_id_date_key"', 'code': '23505', 'hint': None, 'details': 'Key (user_id, date)=(9, 2024-12-15) already exists.'}
2025-12-07T00:37:39.205258 - Fetching daily data for 2024-12-16...
2025-12-07T00:37:40.026730 - Error fetching daily data for 2024-12-16, user 9: {'message': 'duplicate key value violates unique constraint "garmin_daily_user_id_date_key"', 'code': '23505', 'hint': None, 'details': 'Key (user_id, date)=(9, 2024-12-16) already exists.'}
2025-12-07T00:37:40.026893 - Fetching daily data for 2024-12-17...
2025-12-07T00:37:40.851277 - Error fetching daily data for 2024-12-17, user 9: {'message': 'duplicate key value violates unique constraint "garmin_daily_user_id_date_key"', 'code': '23505', 'hint': None, 'details': 'Key (user_id, date)=(9, 2024-12-17) already exists.'}
2025-12-07T00:37:40.851754 - Fetching daily data for 2024-12-18...
2025-12-07T00:37:41.647864 - Error fetching daily data for 2024-12-18, user 9: {'message': 'duplicate key value violates unique constraint "garmin_daily_user_id_date_key"', 'code': '23505', 'hint': None, 'details': 'Key (user_id, date)=(9, 2024-12-18) already exists.'}
2025-12-07T00:37:41.648013 - Fetching daily data for 2024-12-19...
2025-12-07T00:37:42.526540 - Error fetching daily data for 2024-12-19, user 9: {'message': 'duplicate key value violates unique constraint "garmin_daily_user_id_date_key"', 'code': '23505', 'hint': None, 'details': 'Key (user_id, date)=(9, 2024-12-19) already exists.'}
2025-12-07T00:37:42.526759 - Fetching daily data for 2024-12-20...
2025-12-07T00:37:43.395151 - Error fetching daily data for 2024-12-20, user 9: {'message': 'duplicate key value violates unique constraint "garmin_daily_user_id_date_key"', 'code': '23505', 'hint': None, 'details': 'Key (user_id, date)=(9, 2024-12-20) already exists.'}
2025-12-07T00:37:43.395335 - Fetching daily data for 2024-12-21...
2025-12-07T00:37:44.199858 - Error fetching daily data for 2024-12-21, user 9: {'message': 'duplicate key value violates unique constraint "garmin_daily_user_id_date_key"', 'code': '23505', 'hint': None, 'details': 'Key (user_id, date)=(9, 2024-12-21) already exists.'}
2025-12-07T00:37:44.200515 - Fetching daily data for 2024-12-22...
2025-12-07T00:37:45.074213 - Error fetching daily data for 2024-12-22, user 9: {'message': 'duplicate key value violates unique constraint "garmin_daily_user_id_date_key"', 'code': '23505', 'hint': None, 'details': 'Key (user_id, date)=(9, 2024-12-22) already exists.'}
2025-12-07T00:37:45.074672 - Fetching daily data for 2024-12-23...
2025-12-07T00:37:45.909048 - Error fetching daily data for 2024-12-23, user 9: {'message': 'duplicate key value violates unique constraint "garmin_daily_user_id_date_key"', 'code': '23505', 'hint': None, 'details': 'Key (user_id, date)=(9, 2024-12-23) already exists.'}
2025-12-07T00:37:45.909504 - Fetching daily data for 2024-12-24...
2025-12-07T00:37:46.754431 - Error fetching daily data for 2024-12-24, user 9: {'message': 'duplicate key value violates unique constraint "garmin_daily_user_id_date_key"', 'code': '23505', 'hint': None, 'details': 'Key (user_id, date)=(9, 2024-12-24) already exists.'}
2025-12-07T00:37:46.754787 - Fetching daily data for 2024-12-25...
2025-12-07T00:37:47.605890 - Error fetching daily data for 2024-12-25, user 9: {'message': 'duplicate key value violates unique constraint "garmin_daily_user_id_date_key"', 'code': '23505', 'hint': None, 'details': 'Key (user_id, date)=(9, 2024-12-25) already exists.'}
2025-12-07T00:37:47.606539 - Fetching daily data for 2024-12-26...
2025-12-07T00:37:48.448407 - Error fetching daily data for 2024-12-26, user 9: {'message': 'duplicate key value violates unique constraint "garmin_daily_user_id_date_key"', 'code': '23505', 'hint': None, 'details': 'Key (user_id, date)=(9, 2024-12-26) already exists.'}
2025-12-07T00:37:48.448593 - Fetching daily data for 2024-12-27...
2025-12-07T00:37:49.360771 - Error fetching daily data for 2024-12-27, user 9: {'message': 'duplicate key value violates unique constraint "garmin_daily_user_id_date_key"', 'code': '23505', 'hint': None, 'details': 'Key (user_id, date)=(9, 2024-12-27) already exists.'}
2025-12-07T00:37:49.361001 - Fetching daily data for 2024-12-28...
2025-12-07T00:37:50.360788 - Error fetching daily data for 2024-12-28, user 9: {'message': 'duplicate key value violates unique constraint "garmin_daily_user_id_date_key"', 'code': '23505', 'hint': None, 'details': 'Key (user_id, date)=(9, 2024-12-28) already exists.'}
2025-12-07T00:37:50.361490 - Fetching daily data for 2024-12-29...
2025-12-07T00:37:51.223884 - Error fetching daily data for 2024-12-29, user 9: {'message': 'duplicate key value violates unique constraint "garmin_daily_user_id_date_key"', 'code': '23505', 'hint': None, 'details': 'Key (user_id, date)=(9, 2024-12-29) already exists.'}
2025-12-07T00:37:51.224505 - Fetching daily data for 2024-12-30...
2025-12-07T00:37:52.092906 - Error fetching daily data for 2024-12-30, user 9: {'message': 'duplicate key value violates unique constraint "garmin_daily_user_id_date_key"', 'code': '23505', 'hint': None, 'details': 'Key (user_id, date)=(9, 2024-12-30) already exists.'}
2025-12-07T00:37:52.093083 - Fetching daily data for 2024-12-31...
2025-12-07T00:37:53.141524 - Error fetching daily data for 2024-12-31, user 9: {'message': 'duplicate key value violates unique constraint "garmin_daily_user_id_date_key"', 'code': '23505', 'hint': None, 'details': 'Key (user_id, date)=(9, 2024-12-31) already exists.'}
2025-12-07T00:37:53.141702 - Fetching daily data for 2025-01-01...
2025-12-07T00:37:53.979416 - Error fetching daily data for 2025-01-01, user 9: {'message': 'duplicate key value violates unique constraint "garmin_daily_user_id_date_key"', 'code': '23505', 'hint': None, 'details': 'Key (user_id, date)=(9, 2025-01-01) already exists.'}
2025-12-07T00:37:53.980091 - Fetching daily data for 2025-01-02...
2025-12-07T00:37:54.842623 - Error fetching daily data for 2025-01-02, user 9: {'message': 'duplicate key value violates unique constraint "garmin_daily_user_id_date_key"', 'code': '23505', 'hint': None, 'details': 'Key (user_id, date)=(9, 2025-01-02) already exists.'}
2025-12-07T00:37:54.843142 - Fetching daily data for 2025-01-03...
2025-12-07T00:37:55.701752 - Error fetching daily data for 2025-01-03, user 9: {'message': 'duplicate key value violates unique constraint "garmin_daily_user_id_date_key"', 'code': '23505', 'hint': None, 'details': 'Key (user_id, date)=(9, 2025-01-03) already exists.'}
2025-12-07T00:37:55.702185 - Fetching daily data for 2025-01-04...
2025-12-07T00:37:56.514338 - Error fetching daily data for 2025-01-04, user 9: {'message': 'duplicate key value violates unique constraint "garmin_daily_user_id_date_key"', 'code': '23505', 'hint': None, 'details': 'Key (user_id, date)=(9, 2025-01-04) already exists.'}
2025-12-07T00:37:56.515043 - Fetching daily data for 2025-01-05...
2025-12-07T00:37:57.329158 - Error fetching daily data for 2025-01-05, user 9: {'message': 'duplicate key value violates unique constraint "garmin_daily_user_id_date_key"', 'code': '23505', 'hint': None, 'details': 'Key (user_id, date)=(9, 2025-01-05) already exists.'}
2025-12-07T00:37:57.329347 - Fetching daily data for 2025-01-06...
2025-12-07T00:37:58.180106 - Error fetching daily data for 2025-01-06, user 9: {'message': 'duplicate key value violates unique constraint "garmin_daily_user_id_date_key"', 'code': '23505', 'hint': None, 'details': 'Key (user_id, date)=(9, 2025-01-06) already exists.'}
2025-12-07T00:37:58.180274 - Fetching daily data for 2025-01-07...
2025-12-07T00:37:59.025640 - Error fetching daily data for 2025-01-07, user 9: {'message': 'duplicate key value violates unique constraint "garmin_daily_user_id_date_key"', 'code': '23505', 'hint': None, 'details': 'Key (user_id, date)=(9, 2025-01-07) already exists.'}
2025-12-07T00:37:59.026531 - Fetching daily data for 2025-01-08...
2025-12-07T00:37:59.855738 - Error fetching daily data for 2025-01-08, user 9: {'message': 'duplicate key value violates unique constraint "garmin_daily_user_id_date_key"', 'code': '23505', 'hint': None, 'details': 'Key (user_id, date)=(9, 2025-01-08) already exists.'}
2025-12-07T00:37:59.855908 - Fetching daily data for 2025-01-09...
2025-12-07T00:38:00.712631 - Error fetching daily data for 2025-01-09, user 9: {'message': 'duplicate key value violates unique constraint "garmin_daily_user_id_date_key"', 'code': '23505', 'hint': None, 'details': 'Key (user_id, date)=(9, 2025-01-09) already exists.'}
2025-12-07T00:38:00.712849 - Fetching daily data for 2025-01-10...
2025-12-07T00:38:01.557562 - Error fetching daily data for 2025-01-10, user 9: {'message': 'duplicate key value violates unique constraint "garmin_daily_user_id_date_key"', 'code': '23505', 'hint': None, 'details': 'Key (user_id, date)=(9, 2025-01-10) already exists.'}
2025-12-07T00:38:01.557877 - Fetching daily data for 2025-01-11...
2025-12-07T00:38:02.550935 - Error fetching daily data for 2025-01-11, user 9: {'message': 'duplicate key value violates unique constraint "garmin_daily_user_id_date_key"', 'code': '23505', 'hint': None, 'details': 'Key (user_id, date)=(9, 2025-01-11) already exists.'}
2025-12-07T00:38:02.551654 - Fetching daily data for 2025-01-12...
2025-12-07T00:38:03.388253 - Error fetching daily data for 2025-01-12, user 9: {'message': 'duplicate key value violates unique constraint "garmin_daily_user_id_date_key"', 'code': '23505', 'hint': None, 'details': 'Key (user_id, date)=(9, 2025-01-12) already exists.'}
2025-12-07T00:38:03.388821 - Fetching daily data for 2025-01-13...
2025-12-07T00:38:04.345527 - Error fetching daily data for 2025-01-13, user 9: {'message': 'duplicate key value violates unique constraint "garmin_daily_user_id_date_key"', 'code': '23505', 'hint': None, 'details': 'Key (user_id, date)=(9, 2025-01-13) already exists.'}
2025-12-07T00:38:04.346104 - Fetching daily data for 2025-01-14...
2025-12-07T00:38:05.236938 - Error fetching daily data for 2025-01-14, user 9: {'message': 'duplicate key value violates unique constraint "garmin_daily_user_id_date_key"', 'code': '23505', 'hint': None, 'details': 'Key (user_id, date)=(9, 2025-01-14) already exists.'}
2025-12-07T00:38:05.237419 - Fetching daily data for 2025-01-15...
2025-12-07T00:38:06.076650 - Error fetching daily data for 2025-01-15, user 9: {'message': 'duplicate key value violates unique constraint "garmin_daily_user_id_date_key"', 'code': '23505', 'hint': None, 'details': 'Key (user_id, date)=(9, 2025-01-15) already exists.'}
2025-12-07T00:38:06.076818 - Fetching daily data for 2025-01-16...
2025-12-07T00:38:06.990026 - Error fetching daily data for 2025-01-16, user 9: {'message': 'duplicate key value violates unique constraint "garmin_daily_user_id_date_key"', 'code': '23505', 'hint': None, 'details': 'Key (user_id, date)=(9, 2025-01-16) already exists.'}
2025-12-07T00:38:06.990559 - Fetching daily data for 2025-01-17...
2025-12-07T00:38:07.891676 - Error fetching daily data for 2025-01-17, user 9: {'message': 'duplicate key value violates unique constraint "garmin_daily_user_id_date_key"', 'code': '23505', 'hint': None, 'details': 'Key (user_id, date)=(9, 2025-01-17) already exists.'}
2025-12-07T00:38:07.892183 - Fetching daily data for 2025-01-18...
2025-12-07T00:38:08.752550 - Error fetching daily data for 2025-01-18, user 9: {'message': 'duplicate key value violates unique constraint "garmin_daily_user_id_date_key"', 'code': '23505', 'hint': None, 'details': 'Key (user_id, date)=(9, 2025-01-18) already exists.'}
2025-12-07T00:38:08.752882 - Fetching daily data for 2025-01-19...
2025-12-07T00:38:09.613451 - Error fetching daily data for 2025-01-19, user 9: {'message': 'duplicate key value violates unique constraint "garmin_daily_user_id_date_key"', 'code': '23505', 'hint': None, 'details': 'Key (user_id, date)=(9, 2025-01-19) already exists.'}
2025-12-07T00:38:09.613659 - Fetching daily data for 2025-01-20...
2025-12-07T00:38:10.436243 - Error fetching daily data for 2025-01-20, user 9: {'message': 'duplicate key value violates unique constraint "garmin_daily_user_id_date_key"', 'code': '23505', 'hint': None, 'details': 'Key (user_id, date)=(9, 2025-01-20) already exists.'}
2025-12-07T00:38:10.436885 - Fetching daily data for 2025-01-21...
2025-12-07T00:38:11.273465 - Error fetching daily data for 2025-01-21, user 9: {'message': 'duplicate key value violates unique constraint "garmin_daily_user_id_date_key"', 'code': '23505', 'hint': None, 'details': 'Key (user_id, date)=(9, 2025-01-21) already exists.'}
2025-12-07T00:38:11.273632 - Fetching daily data for 2025-01-22...
2025-12-07T00:38:12.162710 - Error fetching daily data for 2025-01-22, user 9: {'message': 'duplicate key value violates unique constraint "garmin_daily_user_id_date_key"', 'code': '23505', 'hint': None, 'details': 'Key (user_id, date)=(9, 2025-01-22) already exists.'}
2025-12-07T00:38:12.162895 - Fetching daily data for 2025-01-23...
2025-12-07T00:38:13.043337 - Error fetching daily data for 2025-01-23, user 9: {'message': 'duplicate key value violates unique constraint "garmin_daily_user_id_date_key"', 'code': '23505', 'hint': None, 'details': 'Key (user_id, date)=(9, 2025-01-23) already exists.'}
2025-12-07T00:38:13.044031 - Fetching daily data for 2025-01-24...
2025-12-07T00:38:13.863552 - Error fetching daily data for 2025-01-24, user 9: {'message': 'duplicate key value violates unique constraint "garmin_daily_user_id_date_key"', 'code': '23505', 'hint': None, 'details': 'Key (user_id, date)=(9, 2025-01-24) already exists.'}
2025-12-07T00:38:13.864065 - Fetching daily data for 2025-01-25...
2025-12-07T00:38:14.769633 - Error fetching daily data for 2025-01-25, user 9: {'message': 'duplicate key value violates unique constraint "garmin_daily_user_id_date_key"', 'code': '23505', 'hint': None, 'details': 'Key (user_id, date)=(9, 2025-01-25) already exists.'}
2025-12-07T00:38:14.770004 - Fetching daily data for 2025-01-26...
2025-12-07T00:38:15.578363 - Error fetching daily data for 2025-01-26, user 9: {'message': 'duplicate key value violates unique constraint "garmin_daily_user_id_date_key"', 'code': '23505', 'hint': None, 'details': 'Key (user_id, date)=(9, 2025-01-26) already exists.'}
2025-12-07T00:38:15.578997 - Fetching daily data for 2025-01-27...
2025-12-07T00:38:16.426031 - Error fetching daily data for 2025-01-27, user 9: {'message': 'duplicate key value violates unique constraint "garmin_daily_user_id_date_key"', 'code': '23505', 'hint': None, 'details': 'Key (user_id, date)=(9, 2025-01-27) already exists.'}
2025-12-07T00:38:16.426513 - Fetching daily data for 2025-01-28...
2025-12-07T00:38:17.225541 - Error fetching daily data for 2025-01-28, user 9: {'message': 'duplicate key value violates unique constraint "garmin_daily_user_id_date_key"', 'code': '23505', 'hint': None, 'details': 'Key (user_id, date)=(9, 2025-01-28) already exists.'}
2025-12-07T00:38:17.226297 - Fetching daily data for 2025-01-29...
2025-12-07T00:38:18.032796 - Error fetching daily data for 2025-01-29, user 9: {'message': 'duplicate key value violates unique constraint "garmin_daily_user_id_date_key"', 'code': '23505', 'hint': None, 'details': 'Key (user_id, date)=(9, 2025-01-29) already exists.'}
2025-12-07T00:38:18.033576 - Fetching daily data for 2025-01-30...
2025-12-07T00:38:18.905866 - Error fetching daily data for 2025-01-30, user 9: {'message': 'duplicate key value violates unique constraint "garmin_daily_user_id_date_key"', 'code': '23505', 'hint': None, 'details': 'Key (user_id, date)=(9, 2025-01-30) already exists.'}
2025-12-07T00:38:18.906569 - Fetching daily data for 2025-01-31...
2025-12-07T00:38:19.711627 - Error fetching daily data for 2025-01-31, user 9: {'message': 'duplicate key value violates unique constraint "garmin_daily_user_id_date_key"', 'code': '23505', 'hint': None, 'details': 'Key (user_id, date)=(9, 2025-01-31) already exists.'}
2025-12-07T00:38:19.712514 - Fetching daily data for 2025-02-01...
2025-12-07T00:38:20.602788 - Error fetching daily data for 2025-02-01, user 9: {'message': 'duplicate key value violates unique constraint "garmin_daily_user_id_date_key"', 'code': '23505', 'hint': None, 'details': 'Key (user_id, date)=(9, 2025-02-01) already exists.'}
2025-12-07T00:38:20.603215 - Fetching daily data for 2025-02-02...
2025-12-07T00:38:21.487753 - Error fetching daily data for 2025-02-02, user 9: {'message': 'duplicate key value violates unique constraint "garmin_daily_user_id_date_key"', 'code': '23505', 'hint': None, 'details': 'Key (user_id, date)=(9, 2025-02-02) already exists.'}
2025-12-07T00:38:21.487931 - Fetching daily data for 2025-02-03...
2025-12-07T00:38:22.307695 - Error fetching daily data for 2025-02-03, user 9: {'message': 'duplicate key value violates unique constraint "garmin_daily_user_id_date_key"', 'code': '23505', 'hint': None, 'details': 'Key (user_id, date)=(9, 2025-02-03) already exists.'}
2025-12-07T00:38:22.308389 - Fetching daily data for 2025-02-04...
2025-12-07T00:38:23.160289 - Error fetching daily data for 2025-02-04, user 9: {'message': 'duplicate key value violates unique constraint "garmin_daily_user_id_date_key"', 'code': '23505', 'hint': None, 'details': 'Key (user_id, date)=(9, 2025-02-04) already exists.'}
2025-12-07T00:38:23.160484 - Fetching daily data for 2025-02-05...
2025-12-07T00:38:24.033487 - Error fetching daily data for 2025-02-05, user 9: {'message': 'duplicate key value violates unique constraint "garmin_daily_user_id_date_key"', 'code': '23505', 'hint': None, 'details': 'Key (user_id, date)=(9, 2025-02-05) already exists.'}
2025-12-07T00:38:24.034250 - Fetching daily data for 2025-02-06...
2025-12-07T00:38:24.892872 - Error fetching daily data for 2025-02-06, user 9: {'message': 'duplicate key value violates unique constraint "garmin_daily_user_id_date_key"', 'code': '23505', 'hint': None, 'details': 'Key (user_id, date)=(9, 2025-02-06) already exists.'}
2025-12-07T00:38:24.893364 - Fetching daily data for 2025-02-07...
2025-12-07T00:38:25.738169 - Error fetching daily data for 2025-02-07, user 9: {'message': 'duplicate key value violates unique constraint "garmin_daily_user_id_date_key"', 'code': '23505', 'hint': None, 'details': 'Key (user_id, date)=(9, 2025-02-07) already exists.'}
2025-12-07T00:38:25.738321 - Fetching daily data for 2025-02-08...
2025-12-07T00:38:26.546979 - Error fetching daily data for 2025-02-08, user 9: {'message': 'duplicate key value violates unique constraint "garmin_daily_user_id_date_key"', 'code': '23505', 'hint': None, 'details': 'Key (user_id, date)=(9, 2025-02-08) already exists.'}
2025-12-07T00:38:26.547127 - Fetching daily data for 2025-02-09...
2025-12-07T00:38:27.508428 - Error fetching daily data for 2025-02-09, user 9: {'message': 'duplicate key value violates unique constraint "garmin_daily_user_id_date_key"', 'code': '23505', 'hint': None, 'details': 'Key (user_id, date)=(9, 2025-02-09) already exists.'}
2025-12-07T00:38:27.509621 - Fetching daily data for 2025-02-10...
2025-12-07T00:38:28.348912 - Error fetching daily data for 2025-02-10, user 9: {'message': 'duplicate key value violates unique constraint "garmin_daily_user_id_date_key"', 'code': '23505', 'hint': None, 'details': 'Key (user_id, date)=(9, 2025-02-10) already exists.'}
2025-12-07T00:38:28.349570 - Fetching daily data for 2025-02-11...
2025-12-07T00:38:29.255139 - Error fetching daily data for 2025-02-11, user 9: {'message': 'duplicate key value violates unique constraint "garmin_daily_user_id_date_key"', 'code': '23505', 'hint': None, 'details': 'Key (user_id, date)=(9, 2025-02-11) already exists.'}
2025-12-07T00:38:29.255817 - Fetching daily data for 2025-02-12...
2025-12-07T00:38:30.129589 - Error fetching daily data for 2025-02-12, user 9: {'message': 'duplicate key value violates unique constraint "garmin_daily_user_id_date_key"', 'code': '23505', 'hint': None, 'details': 'Key (user_id, date)=(9, 2025-02-12) already exists.'}
2025-12-07T00:38:30.130003 - Fetching daily data for 2025-02-13...
2025-12-07T00:38:31.004417 - Error fetching daily data for 2025-02-13, user 9: {'message': 'duplicate key value violates unique constraint "garmin_daily_user_id_date_key"', 'code': '23505', 'hint': None, 'details': 'Key (user_id, date)=(9, 2025-02-13) already exists.'}
2025-12-07T00:38:31.004740 - Fetching daily data for 2025-02-14...
2025-12-07T00:38:31.873901 - Error fetching daily data for 2025-02-14, user 9: {'message': 'duplicate key value violates unique constraint "garmin_daily_user_id_date_key"', 'code': '23505', 'hint': None, 'details': 'Key (user_id, date)=(9, 2025-02-14) already exists.'}
2025-12-07T00:38:31.874102 - Fetching daily data for 2025-02-15...
2025-12-07T00:38:32.717100 - Error fetching daily data for 2025-02-15, user 9: {'message': 'duplicate key value violates unique constraint "garmin_daily_user_id_date_key"', 'code': '23505', 'hint': None, 'details': 'Key (user_id, date)=(9, 2025-02-15) already exists.'}
2025-12-07T00:38:32.717468 - Fetching daily data for 2025-02-16...
2025-12-07T00:38:33.559569 - Error fetching daily data for 2025-02-16, user 9: {'message': 'duplicate key value violates unique constraint "garmin_daily_user_id_date_key"', 'code': '23505', 'hint': None, 'details': 'Key (user_id, date)=(9, 2025-02-16) already exists.'}
2025-12-07T00:38:33.560182 - Fetching daily data for 2025-02-17...
2025-12-07T00:38:34.423127 - Error fetching daily data for 2025-02-17, user 9: {'message': 'duplicate key value violates unique constraint "garmin_daily_user_id_date_key"', 'code': '23505', 'hint': None, 'details': 'Key (user_id, date)=(9, 2025-02-17) already exists.'}
2025-12-07T00:38:34.423831 - Fetching daily data for 2025-02-18...
2025-12-07T00:38:35.245712 - Error fetching daily data for 2025-02-18, user 9: {'message': 'duplicate key value violates unique constraint "garmin_daily_user_id_date_key"', 'code': '23505', 'hint': None, 'details': 'Key (user_id, date)=(9, 2025-02-18) already exists.'}
2025-12-07T00:38:35.246260 - Fetching daily data for 2025-02-19...
2025-12-07T00:38:36.097862 - Error fetching daily data for 2025-02-19, user 9: {'message': 'duplicate key value violates unique constraint "garmin_daily_user_id_date_key"', 'code': '23505', 'hint': None, 'details': 'Key (user_id, date)=(9, 2025-02-19) already exists.'}
2025-12-07T00:38:36.098606 - Fetching daily data for 2025-02-20...
2025-12-07T00:38:36.941365 - Error fetching daily data for 2025-02-20, user 9: {'message': 'duplicate key value violates unique constraint "garmin_daily_user_id_date_key"', 'code': '23505', 'hint': None, 'details': 'Key (user_id, date)=(9, 2025-02-20) already exists.'}
2025-12-07T00:38:36.941868 - Fetching daily data for 2025-02-21...
2025-12-07T00:38:37.780514 - Error fetching daily data for 2025-02-21, user 9: {'message': 'duplicate key value violates unique constraint "garmin_daily_user_id_date_key"', 'code': '23505', 'hint': None, 'details': 'Key (user_id, date)=(9, 2025-02-21) already exists.'}
2025-12-07T00:38:37.780921 - Fetching daily data for 2025-02-22...
2025-12-07T00:38:38.653841 - Error fetching daily data for 2025-02-22, user 9: {'message': 'duplicate key value violates unique constraint "garmin_daily_user_id_date_key"', 'code': '23505', 'hint': None, 'details': 'Key (user_id, date)=(9, 2025-02-22) already exists.'}
2025-12-07T00:38:38.654523 - Fetching daily data for 2025-02-23...
2025-12-07T00:38:39.542167 - Error fetching daily data for 2025-02-23, user 9: {'message': 'duplicate key value violates unique constraint "garmin_daily_user_id_date_key"', 'code': '23505', 'hint': None, 'details': 'Key (user_id, date)=(9, 2025-02-23) already exists.'}
2025-12-07T00:38:39.542726 - Fetching daily data for 2025-02-24...
2025-12-07T00:38:40.421441 - Error fetching daily data for 2025-02-24, user 9: {'message': 'duplicate key value violates unique constraint "garmin_daily_user_id_date_key"', 'code': '23505', 'hint': None, 'details': 'Key (user_id, date)=(9, 2025-02-24) already exists.'}
2025-12-07T00:38:40.422155 - Fetching daily data for 2025-02-25...
2025-12-07T00:38:41.223391 - Error fetching daily data for 2025-02-25, user 9: {'message': 'duplicate key value violates unique constraint "garmin_daily_user_id_date_key"', 'code': '23505', 'hint': None, 'details': 'Key (user_id, date)=(9, 2025-02-25) already exists.'}
2025-12-07T00:38:41.223536 - Fetching daily data for 2025-02-26...
2025-12-07T00:38:42.051352 - Error fetching daily data for 2025-02-26, user 9: {'message': 'duplicate key value violates unique constraint "garmin_daily_user_id_date_key"', 'code': '23505', 'hint': None, 'details': 'Key (user_id, date)=(9, 2025-02-26) already exists.'}
2025-12-07T00:38:42.051899 - Fetching daily data for 2025-02-27...
2025-12-07T00:38:42.869108 - Error fetching daily data for 2025-02-27, user 9: {'message': 'duplicate key value violates unique constraint "garmin_daily_user_id_date_key"', 'code': '23505', 'hint': None, 'details': 'Key (user_id, date)=(9, 2025-02-27) already exists.'}
2025-12-07T00:38:42.870417 - Fetching daily data for 2025-02-28...
2025-12-07T00:38:43.847714 - Error fetching daily data for 2025-02-28, user 9: {'message': 'duplicate key value violates unique constraint "garmin_daily_user_id_date_key"', 'code': '23505', 'hint': None, 'details': 'Key (user_id, date)=(9, 2025-02-28) already exists.'}
2025-12-07T00:38:43.848791 - Fetching daily data for 2025-03-01...
2025-12-07T00:38:44.779417 - Error fetching daily data for 2025-03-01, user 9: {'message': 'duplicate key value violates unique constraint "garmin_daily_user_id_date_key"', 'code': '23505', 'hint': None, 'details': 'Key (user_id, date)=(9, 2025-03-01) already exists.'}
2025-12-07T00:38:44.779884 - Fetching daily data for 2025-03-02...
2025-12-07T00:38:45.628201 - Error fetching daily data for 2025-03-02, user 9: {'message': 'duplicate key value violates unique constraint "garmin_daily_user_id_date_key"', 'code': '23505', 'hint': None, 'details': 'Key (user_id, date)=(9, 2025-03-02) already exists.'}
2025-12-07T00:38:45.628796 - Fetching daily data for 2025-03-03...
2025-12-07T00:38:46.457961 - Error fetching daily data for 2025-03-03, user 9: {'message': 'duplicate key value violates unique constraint "garmin_daily_user_id_date_key"', 'code': '23505', 'hint': None, 'details': 'Key (user_id, date)=(9, 2025-03-03) already exists.'}
2025-12-07T00:38:46.458534 - Fetching daily data for 2025-03-04...
2025-12-07T00:38:47.316142 - Error fetching daily data for 2025-03-04, user 9: {'message': 'duplicate key value violates unique constraint "garmin_daily_user_id_date_key"', 'code': '23505', 'hint': None, 'details': 'Key (user_id, date)=(9, 2025-03-04) already exists.'}
2025-12-07T00:38:47.316691 - Fetching daily data for 2025-03-05...
2025-12-07T00:38:48.157523 - Error fetching daily data for 2025-03-05, user 9: {'message': 'duplicate key value violates unique constraint "garmin_daily_user_id_date_key"', 'code': '23505', 'hint': None, 'details': 'Key (user_id, date)=(9, 2025-03-05) already exists.'}
2025-12-07T00:38:48.157702 - Fetching daily data for 2025-03-06...
2025-12-07T00:38:49.025576 - Error fetching daily data for 2025-03-06, user 9: {'message': 'duplicate key value violates unique constraint "garmin_daily_user_id_date_key"', 'code': '23505', 'hint': None, 'details': 'Key (user_id, date)=(9, 2025-03-06) already exists.'}
2025-12-07T00:38:49.026219 - Fetching daily data for 2025-03-07...
2025-12-07T00:38:49.896383 - Error fetching daily data for 2025-03-07, user 9: {'message': 'duplicate key value violates unique constraint "garmin_daily_user_id_date_key"', 'code': '23505', 'hint': None, 'details': 'Key (user_id, date)=(9, 2025-03-07) already exists.'}
2025-12-07T00:38:49.897025 - Fetching daily data for 2025-03-08...
2025-12-07T00:38:50.718746 - Error fetching daily data for 2025-03-08, user 9: {'message': 'duplicate key value violates unique constraint "garmin_daily_user_id_date_key"', 'code': '23505', 'hint': None, 'details': 'Key (user_id, date)=(9, 2025-03-08) already exists.'}
2025-12-07T00:38:50.719137 - Fetching daily data for 2025-03-09...
2025-12-07T00:38:51.521137 - Error fetching daily data for 2025-03-09, user 9: {'message': 'duplicate key value violates unique constraint "garmin_daily_user_id_date_key"', 'code': '23505', 'hint': None, 'details': 'Key (user_id, date)=(9, 2025-03-09) already exists.'}
2025-12-07T00:38:51.521461 - Fetching daily data for 2025-03-10...
2025-12-07T00:38:52.504146 - Error fetching daily data for 2025-03-10, user 9: {'message': 'duplicate key value violates unique constraint "garmin_daily_user_id_date_key"', 'code': '23505', 'hint': None, 'details': 'Key (user_id, date)=(9, 2025-03-10) already exists.'}
2025-12-07T00:38:52.504839 - Fetching daily data for 2025-03-11...
2025-12-07T00:38:53.466603 - Error fetching daily data for 2025-03-11, user 9: {'message': 'duplicate key value violates unique constraint "garmin_daily_user_id_date_key"', 'code': '23505', 'hint': None, 'details': 'Key (user_id, date)=(9, 2025-03-11) already exists.'}
2025-12-07T00:38:53.467606 - Fetching daily data for 2025-03-12...
2025-12-07T00:38:54.491352 - Error fetching daily data for 2025-03-12, user 9: {'message': 'duplicate key value violates unique constraint "garmin_daily_user_id_date_key"', 'code': '23505', 'hint': None, 'details': 'Key (user_id, date)=(9, 2025-03-12) already exists.'}
2025-12-07T00:38:54.492021 - Fetching daily data for 2025-03-13...
2025-12-07T00:38:55.367645 - Error fetching daily data for 2025-03-13, user 9: {'message': 'duplicate key value violates unique constraint "garmin_daily_user_id_date_key"', 'code': '23505', 'hint': None, 'details': 'Key (user_id, date)=(9, 2025-03-13) already exists.'}
2025-12-07T00:38:55.368679 - Fetching daily data for 2025-03-14...
2025-12-07T00:38:56.257017 - Error fetching daily data for 2025-03-14, user 9: {'message': 'duplicate key value violates unique constraint "garmin_daily_user_id_date_key"', 'code': '23505', 'hint': None, 'details': 'Key (user_id, date)=(9, 2025-03-14) already exists.'}
2025-12-07T00:38:56.257446 - Fetching daily data for 2025-03-15...
2025-12-07T00:38:57.231785 - Error fetching daily data for 2025-03-15, user 9: {'message': 'duplicate key value violates unique constraint "garmin_daily_user_id_date_key"', 'code': '23505', 'hint': None, 'details': 'Key (user_id, date)=(9, 2025-03-15) already exists.'}
2025-12-07T00:38:57.232439 - Fetching daily data for 2025-03-16...
2025-12-07T00:38:58.052517 - Error fetching daily data for 2025-03-16, user 9: {'message': 'duplicate key value violates unique constraint "garmin_daily_user_id_date_key"', 'code': '23505', 'hint': None, 'details': 'Key (user_id, date)=(9, 2025-03-16) already exists.'}
2025-12-07T00:38:58.052887 - Fetching daily data for 2025-03-17...
2025-12-07T00:38:59.069440 - Error fetching daily data for 2025-03-17, user 9: {'message': 'duplicate key value violates unique constraint "garmin_daily_user_id_date_key"', 'code': '23505', 'hint': None, 'details': 'Key (user_id, date)=(9, 2025-03-17) already exists.'}
2025-12-07T00:38:59.070156 - Fetching daily data for 2025-03-18...
2025-12-07T00:39:00.167159 - Error fetching daily data for 2025-03-18, user 9: {'message': 'duplicate key value violates unique constraint "garmin_daily_user_id_date_key"', 'code': '23505', 'hint': None, 'details': 'Key (user_id, date)=(9, 2025-03-18) already exists.'}
2025-12-07T00:39:00.167652 - Fetching daily data for 2025-03-19...
2025-12-07T00:39:01.031116 - Error fetching daily data for 2025-03-19, user 9: {'message': 'duplicate key value violates unique constraint "garmin_daily_user_id_date_key"', 'code': '23505', 'hint': None, 'details': 'Key (user_id, date)=(9, 2025-03-19) already exists.'}
2025-12-07T00:39:01.032361 - Fetching daily data for 2025-03-20...
2025-12-07T00:39:02.066653 - Fetching daily data for 2025-03-21...
2025-12-07T00:39:03.112699 - Fetching daily data for 2025-03-22...
2025-12-07T00:39:04.120835 - Fetching daily data for 2025-03-23...
2025-12-07T00:39:05.050610 - Fetching daily data for 2025-03-24...
2025-12-07T00:39:05.995034 - Fetching daily data for 2025-03-25...
2025-12-07T00:39:07.031005 - Fetching daily data for 2025-03-26...
2025-12-07T00:39:07.940979 - Fetching daily data for 2025-03-27...
2025-12-07T00:39:08.855878 - Fetching daily data for 2025-03-28...
2025-12-07T00:39:09.764290 - Fetching daily data for 2025-03-29...
2025-12-07T00:39:10.649615 - Fetching daily data for 2025-03-30...
2025-12-07T00:39:11.537474 - Fetching daily data for 2025-03-31...
2025-12-07T00:39:12.421249 - Fetching daily data for 2025-04-01...
2025-12-07T00:39:13.288272 - Fetching daily data for 2025-04-02...
2025-12-07T00:39:14.284788 - Fetching daily data for 2025-04-03...
2025-12-07T00:39:15.411306 - Fetching daily data for 2025-04-04...
2025-12-07T00:39:16.337192 - Fetching daily data for 2025-04-05...
2025-12-07T00:39:17.258511 - Fetching daily data for 2025-04-06...
2025-12-07T00:39:18.201075 - Fetching daily data for 2025-04-07...
2025-12-07T00:39:19.114230 - Fetching daily data for 2025-04-08...
2025-12-07T00:41:44.426276 - Starting sync for user 9
2025-12-07T00:41:47.118103 - Initial sync for user 9 (last 365 days)
2025-12-07T00:41:47.118396 - Fetching activities...
2025-12-07T00:41:48.773009 - Fetched 222 activities for user 9.
2025-12-07T00:42:21.605740 - Upserting 222 activities...
2025-12-07T00:42:21.679833 - Starting sync for user 9
2025-12-07T00:42:22.520859 - Upserted 222 activities for user 9.
2025-12-07T00:42:22.577935 - Updated garmin_last_synced in goals.
2025-12-07T00:42:22.578017 - Fetching daily data for 2024-12-07...
2025-12-07T00:42:23.516267 - Fetching daily data for 2024-12-08...
2025-12-07T00:42:24.208386 - Incremental sync for user 9 from 2025-12-07 to 2025-12-07
2025-12-07T00:42:24.210211 - Fetching activities...
2025-12-07T00:42:24.292317 - Fetched 0 activities for user 9.
2025-12-07T00:42:24.356102 - Upserted 0 activities for user 9.
2025-12-07T00:42:24.566797 - Updated garmin_last_synced in goals.
2025-12-07T00:42:24.570005 - Fetching daily data for 2025-12-07...
2025-12-07T00:42:24.648856 - Fetching daily data for 2024-12-09...
2025-12-07T00:42:25.683788 - Finished syncing Garmin data for user 9.
2025-12-07T00:42:25.720359 - Fetching daily data for 2024-12-10...
2025-12-07T00:42:26.620191 - Fetching daily data for 2024-12-11...
2025-12-07T00:42:27.509634 - Fetching daily data for 2024-12-12...
2025-12-07T00:42:28.454459 - Fetching daily data for 2024-12-13...
2025-12-07T00:42:29.404891 - Fetching daily data for 2024-12-14...
2025-12-07T00:42:30.321557 - Fetching daily data for 2024-12-15...
2025-12-07T00:42:31.259388 - Fetching daily data for 2024-12-16...
2025-12-07T00:42:32.181105 - Fetching daily data for 2024-12-17...
2025-12-07T00:42:33.116866 - Fetching daily data for 2024-12-18...
2025-12-07T00:42:34.008518 - Fetching daily data for 2024-12-19...
2025-12-07T00:42:34.943007 - Fetching daily data for 2024-12-20...
2025-12-07T00:42:35.895297 - Fetching daily data for 2024-12-21...
2025-12-07T00:42:36.889406 - Fetching daily data for 2024-12-22...
2025-12-07T00:42:37.795721 - Fetching daily data for 2024-12-23...
2025-12-07T00:42:38.752325 - Fetching daily data for 2024-12-24...
2025-12-07T00:42:39.806850 - Fetching daily data for 2024-12-25...
2025-12-07T00:42:40.828662 - Fetching daily data for 2024-12-26...
2025-12-07T00:42:41.891086 - Fetching daily data for 2024-12-27...
2025-12-07T00:42:42.827275 - Fetching daily data for 2024-12-28...
2025-12-07T00:42:43.745842 - Fetching daily data for 2024-12-29...
2025-12-07T00:42:44.670804 - Fetching daily data for 2024-12-30...
2025-12-07T00:42:45.567689 - Fetching daily data for 2024-12-31...
2025-12-07T00:42:46.497619 - Fetching daily data for 2025-01-01...
2025-12-07T00:42:47.454312 - Fetching daily data for 2025-01-02...
2025-12-07T00:42:48.386133 - Fetching daily data for 2025-01-03...
2025-12-07T00:42:49.305121 - Fetching daily data for 2025-01-04...
2025-12-07T00:42:50.225186 - Fetching daily data for 2025-01-05...
2025-12-07T00:42:51.136512 - Fetching daily data for 2025-01-06...
2025-12-07T00:42:52.051194 - Fetching daily data for 2025-01-07...
2025-12-07T00:42:53.065294 - Fetching daily data for 2025-01-08...
2025-12-07T00:42:53.962235 - Fetching daily data for 2025-01-09...
2025-12-07T00:42:54.954309 - Fetching daily data for 2025-01-10...
2025-12-07T00:42:55.878220 - Fetching daily data for 2025-01-11...
2025-12-07T00:42:56.844051 - Fetching daily data for 2025-01-12...
2025-12-07T00:42:57.824448 - Fetching daily data for 2025-01-13...
2025-12-07T00:42:58.819923 - Fetching daily data for 2025-01-14...
2025-12-07T00:42:59.780778 - Fetching daily data for 2025-01-15...
2025-12-07T00:43:00.683307 - Fetching daily data for 2025-01-16...
2025-12-07T00:43:01.722702 - Fetching daily data for 2025-01-17...
2025-12-07T00:43:02.774744 - Fetching daily data for 2025-01-18...
2025-12-07T00:43:03.860210 - Fetching daily data for 2025-01-19...
2025-12-07T00:43:04.981058 - Fetching daily data for 2025-01-20...
2025-12-07T00:43:06.023109 - Fetching daily data for 2025-01-21...
2025-12-07T00:43:07.092165 - Fetching daily data for 2025-01-22...
2025-12-07T00:43:08.149523 - Fetching daily data for 2025-01-23...
2025-12-07T00:43:09.220666 - Fetching daily data for 2025-01-24...
2025-12-07T00:43:10.330903 - Fetching daily data for 2025-01-25...
2025-12-07T00:43:11.309255 - Fetching daily data for 2025-01-26...
2025-12-07T00:43:12.267222 - Fetching daily data for 2025-01-27...
2025-12-07T00:43:13.176968 - Fetching daily data for 2025-01-28...
2025-12-07T00:43:14.079975 - Fetching daily data for 2025-01-29...
2025-12-07T00:43:15.094128 - Fetching daily data for 2025-01-30...
2025-12-07T00:43:16.030115 - Fetching daily data for 2025-01-31...
2025-12-07T00:43:16.935708 - Fetching daily data for 2025-02-01...
2025-12-07T00:43:17.894796 - Fetching daily data for 2025-02-02...
2025-12-07T00:43:18.905870 - Fetching daily data for 2025-02-03...
2025-12-07T00:43:19.838361 - Fetching daily data for 2025-02-04...
2025-12-07T00:43:20.738612 - Fetching daily data for 2025-02-05...
2025-12-07T00:43:21.685803 - Fetching daily data for 2025-02-06...
2025-12-07T00:43:22.608493 - Fetching daily data for 2025-02-07...
2025-12-07T00:43:23.490911 - Fetching daily data for 2025-02-08...
2025-12-07T00:43:24.387029 - Fetching daily data for 2025-02-09...
2025-12-07T00:43:25.317528 - Fetching daily data for 2025-02-10...
2025-12-07T00:43:26.195286 - Fetching daily data for 2025-02-11...
2025-12-07T00:43:27.177744 - Fetching daily data for 2025-02-12...
2025-12-07T00:43:28.233895 - Fetching daily data for 2025-02-13...
2025-12-07T00:43:29.254870 - Fetching daily data for 2025-02-14...
2025-12-07T00:43:30.175701 - Fetching daily data for 2025-02-15...
2025-12-07T00:43:31.061956 - Fetching daily data for 2025-02-16...
2025-12-07T00:43:32.065738 - Fetching daily data for 2025-02-17...
2025-12-07T00:43:33.054592 - Fetching daily data for 2025-02-18...
2025-12-07T00:43:33.992115 - Fetching daily data for 2025-02-19...
2025-12-07T00:43:35.112165 - Fetching daily data for 2025-02-20...
2025-12-07T00:43:36.134195 - Fetching daily data for 2025-02-21...
2025-12-07T00:43:37.044067 - Fetching daily data for 2025-02-22...
2025-12-07T00:43:37.983613 - Fetching daily data for 2025-02-23...
2025-12-07T00:43:38.921821 - Fetching daily data for 2025-02-24...
2025-12-07T00:43:39.817148 - Fetching daily data for 2025-02-25...
2025-12-07T00:43:40.705837 - Fetching daily data for 2025-02-26...
2025-12-07T00:43:41.595381 - Fetching daily data for 2025-02-27...
2025-12-07T00:43:42.505754 - Fetching daily data for 2025-02-28...
2025-12-07T00:43:43.457676 - Fetching daily data for 2025-03-01...
2025-12-07T00:43:44.380280 - Fetching daily data for 2025-03-02...
2025-12-07T00:43:45.329970 - Fetching daily data for 2025-03-03...
2025-12-07T00:43:46.336669 - Fetching daily data for 2025-03-04...
2025-12-07T00:43:47.212409 - Fetching daily data for 2025-03-05...
2025-12-07T00:43:48.158025 - Fetching daily data for 2025-03-06...
2025-12-07T00:43:49.063786 - Fetching daily data for 2025-03-07...
2025-12-07T00:43:50.023364 - Fetching daily data for 2025-03-08...
2025-12-07T00:43:50.959327 - Fetching daily data for 2025-03-09...
2025-12-07T00:43:51.838443 - Fetching daily data for 2025-03-10...
2025-12-07T00:43:52.738012 - Fetching daily data for 2025-03-11...
2025-12-07T00:43:53.722736 - Fetching daily data for 2025-03-12...
2025-12-07T00:43:54.742211 - Fetching daily data for 2025-03-13...
2025-12-07T00:43:55.660833 - Fetching daily data for 2025-03-14...
2025-12-07T00:43:56.556009 - Fetching daily data for 2025-03-15...
2025-12-07T00:43:57.506909 - Fetching daily data for 2025-03-16...
2025-12-07T00:43:58.412712 - Fetching daily data for 2025-03-17...
2025-12-07T00:43:59.315982 - Fetching daily data for 2025-03-18...
2025-12-07T00:44:00.238897 - Fetching daily data for 2025-03-19...
2025-12-07T00:44:01.191158 - Fetching daily data for 2025-03-20...
2025-12-07T00:44:02.159939 - Fetching daily data for 2025-03-21...
2025-12-07T00:44:03.111668 - Fetching daily data for 2025-03-22...
2025-12-07T00:44:04.044976 - Fetching daily data for 2025-03-23...
2025-12-07T00:44:04.951115 - Fetching daily data for 2025-03-24...
2025-12-07T00:44:05.873185 - Fetching daily data for 2025-03-25...
2025-12-07T00:44:06.780914 - Fetching daily data for 2025-03-26...
2025-12-07T00:44:07.836508 - Fetching daily data for 2025-03-27...
2025-12-07T00:44:08.881252 - Fetching daily data for 2025-03-28...
2025-12-07T00:44:09.872129 - Fetching daily data for 2025-03-29...
2025-12-07T00:44:10.890080 - Fetching daily data for 2025-03-30...
2025-12-07T00:44:11.986387 - Fetching daily data for 2025-03-31...
2025-12-07T00:44:12.934821 - Fetching daily data for 2025-04-01...
2025-12-07T00:44:13.913633 - Fetching daily data for 2025-04-02...
2025-12-07T00:44:14.846747 - Fetching daily data for 2025-04-03...
2025-12-07T00:44:15.772722 - Fetching daily data for 2025-04-04...
2025-12-07T00:44:16.704269 - Fetching daily data for 2025-04-05...
2025-12-07T00:44:17.700464 - Fetching daily data for 2025-04-06...
2025-12-07T00:44:18.679854 - Fetching daily data for 2025-04-07...
2025-12-07T00:44:19.609789 - Fetching daily data for 2025-04-08...
2025-12-07T00:44:20.601692 - Fetching daily data for 2025-04-09...
2025-12-07T00:44:21.560176 - Fetching daily data for 2025-04-10...
2025-12-07T00:44:22.476392 - Fetching daily data for 2025-04-11...
2025-12-07T00:44:23.695835 - Fetching daily data for 2025-04-12...
2025-12-07T00:44:24.633118 - Fetching daily data for 2025-04-13...
2025-12-07T00:44:25.606612 - Fetching daily data for 2025-04-14...
2025-12-07T00:44:26.527753 - Fetching daily data for 2025-04-15...
2025-12-07T00:44:27.523096 - Fetching daily data for 2025-04-16...
2025-12-07T00:44:28.593386 - Fetching daily data for 2025-04-17...
2025-12-07T00:44:29.524325 - Fetching daily data for 2025-04-18...
2025-12-07T00:44:30.555234 - Fetching daily data for 2025-04-19...
2025-12-07T00:44:31.539696 - Fetching daily data for 2025-04-20...
2025-12-07T00:44:32.516732 - Fetching daily data for 2025-04-21...
2025-12-07T00:44:33.473029 - Fetching daily data for 2025-04-22...
2025-12-07T00:44:34.410955 - Fetching daily data for 2025-04-23...
2025-12-07T00:44:35.350563 - Fetching daily data for 2025-04-24...
2025-12-07T00:44:36.356949 - Fetching daily data for 2025-04-25...
2025-12-07T00:44:37.298912 - Fetching daily data for 2025-04-26...
2025-12-07T00:44:38.212503 - Fetching daily data for 2025-04-27...
2025-12-07T00:44:39.160696 - Fetching daily data for 2025-04-28...
2025-12-07T00:44:40.055134 - Fetching daily data for 2025-04-29...
2025-12-07T00:44:41.010926 - Fetching daily data for 2025-04-30...
2025-12-07T00:44:41.971667 - Fetching daily data for 2025-05-01...
2025-12-07T00:44:43.275782 - Fetching daily data for 2025-05-02...
2025-12-07T00:44:44.179231 - Fetching daily data for 2025-05-03...
2025-12-07T00:44:45.127522 - Fetching daily data for 2025-05-04...
2025-12-07T00:44:46.061352 - Fetching daily data for 2025-05-05...
2025-12-07T00:44:47.042641 - Fetching daily data for 2025-05-06...
2025-12-07T00:44:47.973282 - Fetching daily data for 2025-05-07...
2025-12-07T00:44:48.928548 - Fetching daily data for 2025-05-08...
2025-12-07T00:44:49.865121 - Fetching daily data for 2025-05-09...
2025-12-07T00:44:50.783100 - Fetching daily data for 2025-05-10...
2025-12-07T00:44:51.713494 - Fetching daily data for 2025-05-11...
2025-12-07T00:44:52.644353 - Fetching daily data for 2025-05-12...
2025-12-07T00:44:53.625842 - Fetching daily data for 2025-05-13...
2025-12-07T00:44:54.633858 - Fetching daily data for 2025-05-14...
2025-12-07T00:44:55.639276 - Fetching daily data for 2025-05-15...
2025-12-07T00:44:56.598377 - Fetching daily data for 2025-05-16...
2025-12-07T00:44:57.545518 - Fetching daily data for 2025-05-17...
2025-12-07T00:44:58.471329 - Fetching daily data for 2025-05-18...
2025-12-07T00:44:59.451279 - Fetching daily data for 2025-05-19...
2025-12-07T00:45:00.392233 - Fetching daily data for 2025-05-20...
2025-12-07T00:45:01.716610 - Fetching daily data for 2025-05-21...
2025-12-07T00:45:02.778280 - Fetching daily data for 2025-05-22...
2025-12-07T00:45:03.754877 - Fetching daily data for 2025-05-23...
2025-12-07T00:45:04.714686 - Fetching daily data for 2025-05-24...
2025-12-07T00:45:05.654517 - Fetching daily data for 2025-05-25...
2025-12-07T00:45:06.642399 - Fetching daily data for 2025-05-26...
2025-12-07T00:45:07.583283 - Fetching daily data for 2025-05-27...
2025-12-07T00:45:08.487037 - Fetching daily data for 2025-05-28...
2025-12-07T00:45:09.403028 - Fetching daily data for 2025-05-29...
2025-12-07T00:45:10.379102 - Fetching daily data for 2025-05-30...
2025-12-07T00:45:11.379921 - Fetching daily data for 2025-05-31...
2025-12-07T00:45:12.394777 - Fetching daily data for 2025-06-01...
2025-12-07T00:45:13.606986 - Fetching daily data for 2025-06-02...
2025-12-07T00:45:14.601922 - Fetching daily data for 2025-06-03...
2025-12-07T00:45:15.602701 - Fetching daily data for 2025-06-04...
2025-12-07T00:45:16.513414 - Fetching daily data for 2025-06-05...
2025-12-07T00:45:17.437323 - Fetching daily data for 2025-06-06...
2025-12-07T00:45:18.320003 - Fetching daily data for 2025-06-07...
2025-12-07T00:45:19.228785 - Fetching daily data for 2025-06-08...
2025-12-07T00:45:20.506055 - Fetching daily data for 2025-06-09...
2025-12-07T00:45:21.402075 - Fetching daily data for 2025-06-10...
2025-12-07T00:45:22.353287 - Fetching daily data for 2025-06-11...
2025-12-07T00:45:23.345332 - Fetching daily data for 2025-06-12...
2025-12-07T00:45:24.242718 - Fetching daily data for 2025-06-13...
2025-12-07T00:45:25.197748 - Fetching daily data for 2025-06-14...
2025-12-07T00:45:26.202059 - Fetching daily data for 2025-06-15...
2025-12-07T00:45:27.081914 - Fetching daily data for 2025-06-16...
2025-12-07T00:45:28.071785 - Fetching daily data for 2025-06-17...
2025-12-07T00:45:28.991531 - Fetching daily data for 2025-06-18...
2025-12-07T00:45:30.043957 - Fetching daily data for 2025-06-19...
2025-12-07T00:45:30.943154 - Fetching daily data for 2025-06-20...
2025-12-07T00:45:32.180526 - Fetching daily data for 2025-06-21...
2025-12-07T00:45:33.115942 - Fetching daily data for 2025-06-22...
2025-12-07T00:45:34.178810 - Fetching daily data for 2025-06-23...
2025-12-07T00:45:35.092091 - Fetching daily data for 2025-06-24...
2025-12-07T00:45:36.010184 - Fetching daily data for 2025-06-25...
2025-12-07T00:45:37.273861 - Fetching daily data for 2025-06-26...
2025-12-07T00:45:38.194219 - Fetching daily data for 2025-06-27...
2025-12-07T00:45:39.203170 - Fetching daily data for 2025-06-28...
2025-12-07T00:45:40.172259 - Fetching daily data for 2025-06-29...
2025-12-07T00:45:41.132315 - Fetching daily data for 2025-06-30...
2025-12-07T00:45:42.036598 - Fetching daily data for 2025-07-01...
2025-12-07T00:45:42.986517 - Fetching daily data for 2025-07-02...
2025-12-07T00:45:43.891689 - Fetching daily data for 2025-07-03...
2025-12-07T00:45:44.827589 - Fetching daily data for 2025-07-04...
2025-12-07T00:45:45.748541 - Fetching daily data for 2025-07-05...
2025-12-07T00:45:46.657624 - Fetching daily data for 2025-07-06...
2025-12-07T00:45:47.619025 - Fetching daily data for 2025-07-07...
2025-12-07T00:45:48.577971 - Fetching daily data for 2025-07-08...
2025-12-07T00:45:49.481054 - Fetching daily data for 2025-07-09...
2025-12-07T00:45:50.449168 - Fetching daily data for 2025-07-10...
2025-12-07T00:45:51.369860 - Fetching daily data for 2025-07-11...
2025-12-07T00:45:52.288314 - Fetching daily data for 2025-07-12...
2025-12-07T00:45:53.237148 - Fetching daily data for 2025-07-13...
2025-12-07T00:45:54.184168 - Fetching daily data for 2025-07-14...
2025-12-07T00:45:55.097145 - Fetching daily data for 2025-07-15...
2025-12-07T00:45:56.147856 - Fetching daily data for 2025-07-16...
2025-12-07T00:45:57.236570 - Fetching daily data for 2025-07-17...
2025-12-07T00:45:58.223693 - Fetching daily data for 2025-07-18...
2025-12-07T00:45:59.172704 - Fetching daily data for 2025-07-19...
2025-12-07T00:46:00.172391 - Fetching daily data for 2025-07-20...
2025-12-07T00:46:01.160954 - Fetching daily data for 2025-07-21...
2025-12-07T00:46:02.190028 - Fetching daily data for 2025-07-22...
2025-12-07T00:46:03.234913 - Fetching daily data for 2025-07-23...
2025-12-07T00:46:04.242696 - Fetching daily data for 2025-07-24...
2025-12-07T00:46:05.176991 - Fetching daily data for 2025-07-25...
2025-12-07T00:46:06.122981 - Fetching daily data for 2025-07-26...
2025-12-07T00:46:07.052878 - Fetching daily data for 2025-07-27...
2025-12-07T00:46:08.107364 - Fetching daily data for 2025-07-28...
2025-12-07T00:46:09.188316 - Fetching daily data for 2025-07-29...
2025-12-07T00:46:10.162075 - Fetching daily data for 2025-07-30...
2025-12-07T00:46:11.405699 - Fetching daily data for 2025-07-31...
2025-12-07T00:46:12.365759 - Fetching daily data for 2025-08-01...
2025-12-07T00:46:13.631440 - Fetching daily data for 2025-08-02...
2025-12-07T00:46:15.663628 - Fetching daily data for 2025-08-03...
2025-12-07T00:46:17.190934 - Fetching daily data for 2025-08-04...
2025-12-07T00:46:18.536764 - Fetching daily data for 2025-08-05...
2025-12-07T00:46:19.842751 - Fetching daily data for 2025-08-06...
2025-12-07T00:46:21.160256 - Fetching daily data for 2025-08-07...
2025-12-07T00:46:22.492211 - Fetching daily data for 2025-08-08...
2025-12-07T00:46:23.752062 - Fetching daily data for 2025-08-09...
2025-12-07T00:46:25.120189 - Fetching daily data for 2025-08-10...
2025-12-07T00:46:26.461179 - Fetching daily data for 2025-08-11...
2025-12-07T00:46:27.793889 - Fetching daily data for 2025-08-12...
2025-12-07T00:46:29.304732 - Fetching daily data for 2025-08-13...
2025-12-07T00:46:30.867269 - Fetching daily data for 2025-08-14...
2025-12-07T00:46:32.325001 - Fetching daily data for 2025-08-15...
2025-12-07T00:58:22.622061 - Starting sync for user 9
2025-12-07T00:58:25.963537 - Incremental sync for user 9 from 2025-12-07 to 2025-12-07
2025-12-07T00:58:25.963789 - Fetching activities...
2025-12-07T00:58:26.051341 - Fetched 0 activities for user 9.
2025-12-07T00:58:26.162900 - Upserted 0 activities for user 9.
2025-12-07T00:58:26.228166 - Updated garmin_last_synced in goals.
2025-12-07T00:58:26.228239 - Fetching daily data for 2025-12-07...
2025-12-07T00:58:27.266700 - Finished syncing Garmin data for user 9.
2025-12-07T01:05:45.174268 - Starting sync for user 9
2025-12-07T01:05:48.166649 - Incremental sync for user 9 from 2025-12-04 (overlap 3 days) to 2025-12-07
2025-12-07T01:05:48.168086 - Fetching activities...
2025-12-07T01:05:48.431480 - Fetched 1 activities for user 9.
2025-12-07T01:05:48.947678 - Upserting 1 activities...
2025-12-07T01:05:49.759526 - Upserted 1 activities for user 9.
2025-12-07T01:05:49.821400 - Updated garmin_last_synced in goals.
2025-12-07T01:05:49.821512 - Fetching daily data for 2025-12-04...
2025-12-07T01:05:51.980398 - Fetching daily data for 2025-12-05...
2025-12-07T01:05:53.447873 - Fetching daily data for 2025-12-06...
2025-12-07T01:05:54.884457 - Fetching daily data for 2025-12-07...
2025-12-07T01:05:55.915445 - Finished syncing Garmin data for user 9.
2025-12-07T01:14:19.263413 - Starting sync for user 9
2025-12-07T01:14:22.884068 - Incremental sync for user 9 from 2025-12-04 (overlap 3 days) to 2025-12-07
2025-12-07T01:14:23.014911 - Fetching activities...
2025-12-07T01:14:23.376548 - Fetched 1 activities for user 9.
2025-12-07T01:14:23.775095 - Upserting 1 activities...
2025-12-07T01:14:24.700687 - Upserted 1 activities for user 9.
2025-12-07T01:14:24.773351 - Updated garmin_last_synced in goals.
2025-12-07T01:14:24.773450 - Fetching daily data for 2025-12-04...
2025-12-07T01:14:26.751629 - Fetching daily data for 2025-12-05...
2025-12-07T01:14:28.263340 - Fetching daily data for 2025-12-06...
2025-12-07T01:14:29.597166 - Fetching daily data for 2025-12-07...
2025-12-07T01:14:30.599544 - Finished syncing Garmin data for user 9.
2025-12-07T01:30:09.592658 - Starting sync for user 9
2025-12-07T01:30:13.270385 - Incremental sync for user 9 from 2025-12-04 (overlap 3 days) to 2025-12-07
2025-12-07T01:30:13.270684 - Fetching activities...
2025-12-07T01:30:13.602021 - Fetched 1 activities for user 9.
2025-12-07T01:30:14.087219 - Upserting 1 activities...
2025-12-07T01:30:15.666697 - Upserted 1 activities for user 9.
2025-12-07T01:30:15.728981 - Updated garmin_last_synced in goals.
2025-12-07T01:30:15.729062 - Fetching daily data for 2025-12-04...
2025-12-07T01:30:17.521586 - Fetching daily data for 2025-12-05...
2025-12-07T01:30:18.926709 - Fetching daily data for 2025-12-06...
2025-12-07T01:30:20.442747 - Fetching daily data for 2025-12-07...
2025-12-07T01:30:22.216854 - Finished syncing Garmin data for user 9.
2025-12-07T01:41:29.631221 - Starting sync for user 9
2025-12-07T01:41:32.825532 - Incremental sync for user 9 from 2025-12-04 (overlap 3 days) to 2025-12-07
2025-12-07T01:41:32.825757 - Fetching activities...
2025-12-07T01:41:33.030713 - Fetched 1 activities for user 9.
2025-12-07T01:41:33.556622 - Upserting 1 activities...
2025-12-07T01:41:33.890808 - Error fetching activities for user 9: Server disconnected
2025-12-07T01:41:33.891162 - Fetching daily data for 2025-12-04...
2025-12-07T01:41:36.237945 - Fetching daily data for 2025-12-05...
2025-12-07T01:41:38.009888 - Fetching daily data for 2025-12-06...
2025-12-07T01:41:39.425745 - Fetching daily data for 2025-12-07...
2025-12-07T01:41:40.506024 - Finished syncing Garmin data for user 9.
2025-12-07T01:55:39.336487 - Starting sync for user 2
2025-12-07T01:55:39.415011 - Garmin session not available for user 2, skipping.
2025-12-07T01:59:46.306033 - Starting sync for user 9
2025-12-07T01:59:49.074316 - Incremental sync for user 9 from 2025-12-04 (overlap 3 days) to 2025-12-07
2025-12-07T01:59:49.076363 - Fetching activities...
2025-12-07T01:59:49.303058 - Fetched 1 activities for user 9.
2025-12-07T01:59:49.554361 - Upserting 1 activities...
2025-12-07T01:59:50.641196 - Upserted 1 activities for user 9.
2025-12-07T01:59:50.701064 - Updated garmin_last_synced in goals.
2025-12-07T01:59:50.701545 - Fetching daily data for 2025-12-04...
2025-12-07T01:59:52.918884 - Fetching daily data for 2025-12-05...
2025-12-07T01:59:54.733396 - Fetching daily data for 2025-12-06...
2025-12-07T01:59:56.365632 - Fetching daily data for 2025-12-07...
2025-12-07T01:59:57.399893 - Finished syncing Garmin data for user 9.
2025-12-07T02:12:27.320549 - Starting sync for user 9
2025-12-07T02:12:30.511687 - Incremental sync for user 9 from 2025-12-04 (overlap 3 days) to 2025-12-07
2025-12-07T02:12:30.511886 - Fetching activities...
2025-12-07T02:12:30.715813 - Fetched 1 activities for user 9.
2025-12-07T02:12:31.005044 - Upserting 1 activities...
2025-12-07T02:12:31.865692 - Upserted 1 activities for user 9.
2025-12-07T02:12:31.972887 - Updated garmin_last_synced in goals.
2025-12-07T02:12:31.973046 - Fetching daily data for 2025-12-04...
2025-12-07T02:12:34.295019 - Fetching daily data for 2025-12-05...
2025-12-07T02:12:35.540856 - Fetching daily data for 2025-12-06...
2025-12-07T02:12:36.732403 - Fetching daily data for 2025-12-07...
2025-12-07T02:12:37.795345 - Finished syncing Garmin data for user 9.
2025-12-07T02:32:58.556884 - Starting sync for user 9
2025-12-07T02:33:01.666201 - Incremental sync for user 9 from 2025-12-04 (overlap 3 days) to 2025-12-07
2025-12-07T02:33:01.666475 - Fetching activities...
2025-12-07T02:33:01.886901 - Fetched 1 activities for user 9.
2025-12-07T02:33:02.361818 - Upserting 1 activities...
2025-12-07T02:33:03.320033 - Upserted 1 activities for user 9.
2025-12-07T02:33:03.385594 - Updated garmin_last_synced in goals.
2025-12-07T02:33:03.385659 - Fetching daily data for 2025-12-04...
2025-12-07T02:33:05.741428 - Fetching daily data for 2025-12-05...
2025-12-07T02:33:07.716308 - Fetching daily data for 2025-12-06...
2025-12-07T02:33:09.174014 - Fetching daily data for 2025-12-07...
2025-12-07T02:33:10.184291 - Finished syncing Garmin data for user 9.
2025-12-07T03:01:16.584956 - Starting sync for user 9
2025-12-07T03:01:20.006999 - Incremental sync for user 9 from 2025-12-04 (overlap 3 days) to 2025-12-07
2025-12-07T03:01:20.007241 - Fetching activities...
2025-12-07T03:01:20.189107 - Fetched 1 activities for user 9.
2025-12-07T03:01:20.508127 - Upserting 1 activities...
2025-12-07T03:01:22.136030 - Upserted 1 activities for user 9.
2025-12-07T03:01:22.249136 - Updated garmin_last_synced in goals.
2025-12-07T03:01:22.249275 - Fetching daily data for 2025-12-04...
2025-12-07T03:01:23.798481 - Fetching daily data for 2025-12-05...
2025-12-07T03:01:25.199856 - Fetching daily data for 2025-12-06...
2025-12-07T03:01:26.674790 - Fetching daily data for 2025-12-07...
2025-12-07T03:01:27.735144 - Finished syncing Garmin data for user 9.
2025-12-07T11:05:34.649642 - Starting sync for user 9
2025-12-07T11:05:37.817104 - Incremental sync for user 9 from 2025-12-04 (overlap 3 days) to 2025-12-07
2025-12-07T11:05:37.817367 - Fetching activities...
2025-12-07T11:05:38.000841 - Fetched 1 activities for user 9.
2025-12-07T11:05:38.254015 - Upserting 1 activities...
2025-12-07T11:05:39.405935 - Upserted 1 activities for user 9.
2025-12-07T11:05:39.469117 - Updated garmin_last_synced in goals.
2025-12-07T11:05:39.469251 - Fetching daily data for 2025-12-04...
2025-12-07T11:05:41.532523 - Fetching daily data for 2025-12-05...
2025-12-07T11:05:43.046659 - Fetching daily data for 2025-12-06...
2025-12-07T11:05:44.295558 - Fetching daily data for 2025-12-07...
2025-12-07T11:05:45.355291 - Finished syncing Garmin data for user 9.
2025-12-07T11:06:18.790618 - Starting sync for user 9
2025-12-07T11:06:21.845533 - Incremental sync for user 9 from 2025-12-04 (overlap 3 days) to 2025-12-07
2025-12-07T11:06:21.845653 - Fetching activities...
2025-12-07T11:06:22.039577 - Fetched 1 activities for user 9.
2025-12-07T11:06:22.412892 - Upserting 1 activities...
2025-12-07T11:06:23.566790 - Upserted 1 activities for user 9.
2025-12-07T11:06:23.632891 - Updated garmin_last_synced in goals.
2025-12-07T11:06:23.632980 - Fetching daily data for 2025-12-04...
2025-12-07T11:06:24.945722 - Fetching daily data for 2025-12-05...
2025-12-07T11:06:26.731331 - Fetching daily data for 2025-12-06...
2025-12-07T11:06:27.942763 - Fetching daily data for 2025-12-07...
2025-12-07T11:06:29.091541 - Finished syncing Garmin data for user 9.
2025-12-07T11:14:43.561336 - Starting sync for user 9
2025-12-07T11:14:47.020125 - Incremental sync for user 9 from 2025-12-04 (overlap 3 days) to 2025-12-07
2025-12-07T11:14:47.020231 - Fetching activities...
2025-12-07T11:14:47.233559 - Fetched 1 activities for user 9.
2025-12-07T11:14:47.763080 - Upserting 1 activities...
2025-12-07T11:14:50.970236 - Upserted 1 activities for user 9.
2025-12-07T11:14:51.437619 - Updated garmin_last_synced in goals.
2025-12-07T11:14:51.490799 - Fetching daily data for 2025-12-04...
2025-12-07T11:14:54.896166 - Fetching daily data for 2025-12-05...
2025-12-07T11:14:56.345080 - Fetching daily data for 2025-12-06...
2025-12-07T11:14:57.622706 - Fetching daily data for 2025-12-07...
2025-12-07T11:14:58.730736 - Finished syncing Garmin data for user 9.
2025-12-07T14:10:40.618744 - Starting sync for user 9
2025-12-07T14:10:43.783635 - Incremental sync for user 9 from 2025-12-04 (overlap 3 days) to 2025-12-07
2025-12-07T14:10:43.783874 - Fetching activities...
2025-12-07T14:10:43.973467 - Fetched 1 activities for user 9.
2025-12-07T14:10:44.384278 - Upserting 1 activities...
2025-12-07T14:10:44.518042 - Error fetching activities for user 9: Server disconnected
2025-12-07T14:10:44.519762 - Fetching daily data for 2025-12-04...
2025-12-07T14:10:46.903516 - Fetching daily data for 2025-12-05...
2025-12-07T14:10:48.790189 - Fetching daily data for 2025-12-06...
2025-12-07T14:10:50.320045 - Fetching daily data for 2025-12-07...
2025-12-07T14:10:51.599503 - Finished syncing Garmin data for user 9.
2025-12-07T14:16:52.858917 - Starting sync for user 9
2025-12-07T14:16:56.168889 - Incremental sync for user 9 from 2025-12-04 (overlap 3 days) to 2025-12-07
2025-12-07T14:16:56.169074 - Fetching activities...
2025-12-07T14:16:56.353626 - Fetched 1 activities for user 9.
2025-12-07T14:16:56.835262 - Upserting 1 activities...
2025-12-07T14:16:58.031441 - Upserted 1 activities for user 9.
2025-12-07T14:16:58.105510 - Updated garmin_last_synced in goals.
2025-12-07T14:16:58.105583 - Fetching daily data for 2025-12-04...
2025-12-07T14:17:00.261636 - Fetching daily data for 2025-12-05...
2025-12-07T14:17:02.088140 - Fetching daily data for 2025-12-06...
2025-12-07T14:17:03.459526 - Fetching daily data for 2025-12-07...
2025-12-07T14:17:04.784251 - Finished syncing Garmin data for user 9.
2025-12-07T14:17:08.301687 - Starting sync for user 9
2025-12-07T14:17:10.648883 - Incremental sync for user 9 from 2025-12-04 (overlap 3 days) to 2025-12-07
2025-12-07T14:17:10.649269 - Fetching activities...
2025-12-07T14:17:10.852676 - Fetched 1 activities for user 9.
2025-12-07T14:17:11.138706 - Upserting 1 activities...
2025-12-07T14:17:12.103066 - Upserted 1 activities for user 9.
2025-12-07T14:17:12.165901 - Updated garmin_last_synced in goals.
2025-12-07T14:17:12.166032 - Fetching daily data for 2025-12-04...
2025-12-07T14:17:13.641337 - Fetching daily data for 2025-12-05...
2025-12-07T14:17:14.896458 - Fetching daily data for 2025-12-06...
2025-12-07T14:17:16.078867 - Fetching daily data for 2025-12-07...
2025-12-07T14:17:17.315721 - Finished syncing Garmin data for user 9.
2025-12-07T14:18:03.947856 - Starting sync for user 9
2025-12-07T14:18:07.947606 - Incremental sync for user 9 from 2025-12-04 (overlap 3 days) to 2025-12-07
2025-12-07T14:18:07.947717 - Fetching activities...
2025-12-07T14:18:08.145050 - Fetched 1 activities for user 9.
2025-12-07T14:18:08.605186 - Upserting 1 activities...
2025-12-07T14:18:09.265718 - Upserted 1 activities for user 9.
2025-12-07T14:18:09.326963 - Updated garmin_last_synced in goals.
2025-12-07T14:18:09.327062 - Fetching daily data for 2025-12-04...
2025-12-07T14:18:10.947499 - Fetching daily data for 2025-12-05...
2025-12-07T14:18:12.755178 - Fetching daily data for 2025-12-06...
2025-12-07T14:18:14.261441 - Fetching daily data for 2025-12-07...
2025-12-07T14:18:15.646558 - Finished syncing Garmin data for user 9.
2025-12-07T15:17:36.421360 - Starting sync for user 9
2025-12-07T15:17:39.251257 - Incremental sync for user 9 from 2025-12-04 (overlap 3 days) to 2025-12-07
2025-12-07T15:17:39.251930 - Fetching activities...
2025-12-07T15:17:39.613093 - Fetched 1 activities for user 9.
2025-12-07T15:17:39.913418 - Upserting 1 activities...
2025-12-07T15:17:41.938064 - Upserted 1 activities for user 9.
2025-12-07T15:17:41.999720 - Updated garmin_last_synced in goals.
2025-12-07T15:17:41.999949 - Fetching daily data for 2025-12-04...
2025-12-07T15:17:44.197125 - Fetching daily data for 2025-12-05...
2025-12-07T15:17:45.514282 - Fetching daily data for 2025-12-06...
2025-12-07T15:17:46.705213 - Fetching daily data for 2025-12-07...
2025-12-07T15:17:48.041283 - Finished syncing Garmin data for user 9.
2025-12-07T15:30:54.624687 - Starting sync for user 9
2025-12-07T15:30:57.424876 - Incremental sync for user 9 from 2025-12-04 (overlap 3 days) to 2025-12-07
2025-12-07T15:30:57.425122 - Fetching activities...
2025-12-07T15:30:57.610687 - Fetched 1 activities for user 9.
2025-12-07T15:30:57.880764 - Upserting 1 activities...
2025-12-07T15:30:59.265677 - Upserted 1 activities for user 9.
2025-12-07T15:30:59.318573 - Updated garmin_last_synced in goals.
2025-12-07T15:30:59.318655 - Fetching daily data for 2025-12-04...
2025-12-07T15:31:01.071299 - Fetching daily data for 2025-12-05...
2025-12-07T15:31:02.386107 - Fetching daily data for 2025-12-06...
2025-12-07T15:31:03.578954 - Fetching daily data for 2025-12-07...
2025-12-07T15:31:04.849799 - Finished syncing Garmin data for user 9.
2025-12-07T15:50:23.261543 - Starting sync for user 9
2025-12-07T15:50:26.598791 - Incremental sync for user 9 from 2025-12-04 (overlap 3 days) to 2025-12-07
2025-12-07T15:50:26.599016 - Fetching activities...
2025-12-07T15:50:26.786612 - Fetched 1 activities for user 9.
2025-12-07T15:50:27.040954 - Upserting 1 activities...
2025-12-07T15:50:27.961634 - Upserted 1 activities for user 9.
2025-12-07T15:50:28.018672 - Updated garmin_last_synced in goals.
2025-12-07T15:50:28.018779 - Fetching daily data for 2025-12-04...
2025-12-07T15:50:30.075123 - Fetching daily data for 2025-12-05...
2025-12-07T15:50:31.389371 - Fetching daily data for 2025-12-06...
2025-12-07T15:50:32.578142 - Fetching daily data for 2025-12-07...
2025-12-07T15:50:33.846248 - Finished syncing Garmin data for user 9.
2025-12-16T21:33:11.204693 - Starting sync for user 9
2025-12-16T21:33:14.156781 - Incremental sync for user 9 from 2025-12-04 (overlap 3 days) to 2025-12-16
2025-12-16T21:33:14.156856 - Fetching activities...
2025-12-16T21:33:14.399576 - Fetched 9 activities for user 9.
2025-12-16T21:33:17.126539 - Upserting 9 activities...
2025-12-16T21:33:22.058488 - Upserted 9 activities for user 9.
2025-12-16T21:33:22.646226 - Updated garmin_last_synced in goals.
2025-12-16T21:33:22.646484 - Fetching daily data for 2025-12-04...
2025-12-16T21:33:26.036471 - Fetching daily data for 2025-12-05...
2025-12-16T21:33:29.852483 - Fetching daily data for 2025-12-06...
2025-12-16T21:33:31.548319 - Fetching daily data for 2025-12-07...
2025-12-16T21:33:33.294491 - Fetching daily data for 2025-12-08...
2025-12-16T21:33:35.718284 - Fetching daily data for 2025-12-09...
2025-12-16T21:33:38.853456 - Fetching daily data for 2025-12-10...
2025-12-16T21:33:41.328197 - Fetching daily data for 2025-12-11...
2025-12-16T21:33:43.969654 - Fetching daily data for 2025-12-12...
2025-12-16T21:33:45.727741 - Fetching daily data for 2025-12-13...
2025-12-16T21:33:47.541993 - Fetching daily data for 2025-12-14...
2025-12-16T21:33:48.926332 - Fetching daily data for 2025-12-15...
2025-12-16T21:33:50.771923 - Fetching daily data for 2025-12-16...
2025-12-16T21:33:53.059927 - Finished syncing Garmin data for user 9.
2025-12-16T21:41:50.059555 - Starting sync for user 13
2025-12-16T21:41:50.218467 - Garmin session not available for user 13, skipping.
2025-12-16T21:42:13.760822 - Starting sync for user 13
2025-12-16T21:42:13.826054 - Garmin session not available for user 13, skipping.
2025-12-16T21:49:34.548957 - Starting sync for user 13
2025-12-16T21:49:34.643023 - Garmin session not available for user 13, skipping.
2025-12-16T21:51:40.341922 - Starting sync for user 13
2025-12-16T21:51:40.469870 - Garmin session not available for user 13, skipping.
2025-12-16T21:52:08.360711 - Starting sync for user 13
2025-12-16T21:52:08.443401 - Garmin session not available for user 13, skipping.
2025-12-16T21:53:10.218847 - Starting sync for user 9
2025-12-16T21:53:12.946929 - Incremental sync for user 9 from 2025-12-14 (overlap 3 days) to 2025-12-16
2025-12-16T21:53:12.947011 - Fetching activities...
2025-12-16T21:53:13.135449 - Fetched 3 activities for user 9.
2025-12-16T21:53:13.839750 - Upserting 3 activities...
2025-12-16T21:53:15.565045 - Upserted 3 activities for user 9.
2025-12-16T21:53:15.868896 - Updated garmin_last_synced in goals.
2025-12-16T21:53:15.869092 - Fetching daily data for 2025-12-14...
2025-12-16T21:53:17.809686 - Fetching daily data for 2025-12-15...
2025-12-16T21:53:19.310459 - Fetching daily data for 2025-12-16...
2025-12-16T21:53:21.030460 - Finished syncing Garmin data for user 9.
2025-12-16T22:00:25.911557 - Starting sync for user 13
2025-12-16T22:00:26.048251 - Garmin session not available for user 13, skipping.
2025-12-16T22:02:36.865243 - Starting sync for user 13
2025-12-16T22:02:36.947693 - Garmin session not available for user 13, skipping.
2025-12-16T22:04:45.492695 - Starting sync for user 9
2025-12-16T22:04:54.689971 - Incremental sync for user 9 from 2025-12-14 (overlap 3 days) to 2025-12-16
2025-12-16T22:04:54.690110 - Fetching activities...
2025-12-16T22:04:54.997707 - Fetched 3 activities for user 9.
2025-12-16T22:04:55.748953 - Upserting 3 activities...
2025-12-16T22:04:58.319164 - Upserted 3 activities for user 9.
2025-12-16T22:04:58.376378 - Updated garmin_last_synced in goals.
2025-12-16T22:04:58.376501 - Fetching daily data for 2025-12-14...
2025-12-16T22:05:00.314854 - Fetching daily data for 2025-12-15...
2025-12-16T22:05:01.558920 - Fetching daily data for 2025-12-16...
2025-12-16T22:05:04.157116 - Finished syncing Garmin data for user 9.
2025-12-16T22:05:25.441873 - Starting sync for user 9
2025-12-16T22:05:32.423126 - Incremental sync for user 9 from 2025-12-14 (overlap 3 days) to 2025-12-16
2025-12-16T22:05:32.423259 - Fetching activities...
2025-12-16T22:05:32.841412 - Fetched 3 activities for user 9.
2025-12-16T22:05:34.374621 - Upserting 3 activities...
2025-12-16T22:05:34.849661 - Error fetching activities for user 9: Server disconnected
2025-12-16T22:05:34.849959 - Fetching daily data for 2025-12-14...
2025-12-16T22:05:37.583353 - Fetching daily data for 2025-12-15...
2025-12-16T22:05:38.896183 - Fetching daily data for 2025-12-16...
2025-12-16T22:05:40.582321 - Finished syncing Garmin data for user 9.
2025-12-16T22:06:42.171419 - Starting sync for user 9
2025-12-16T22:06:44.648512 - Incremental sync for user 9 from 2025-12-14 (overlap 3 days) to 2025-12-16
2025-12-16T22:06:44.649556 - Fetching activities...
2025-12-16T22:06:44.841956 - Fetched 3 activities for user 9.
2025-12-16T22:06:45.553157 - Upserting 3 activities...
2025-12-16T22:06:46.768713 - Upserted 3 activities for user 9.
2025-12-16T22:06:46.881343 - Updated garmin_last_synced in goals.
2025-12-16T22:06:46.881426 - Fetching daily data for 2025-12-14...
2025-12-16T22:06:49.928965 - Fetching daily data for 2025-12-15...
2025-12-16T22:06:52.076970 - Fetching daily data for 2025-12-16...
2025-12-16T22:06:54.580715 - Finished syncing Garmin data for user 9.
